<?xml version="1.0" encoding="UTF-8"?>
<!-- Generated by org.testng.reporters.JUnitReportReporter -->
<testsuite skipped="0" hostname="W7P-QAT-SUN" name="SeleniumTestDemo" tests="1" failures="0" timestamp="02 May 2021 07:51:25 GMT" time="12.342" errors="0">
  <testcase name="VerifyTitle" time="12.342" classname="SeleniumTestDemo"/>
</testsuite> <!-- SeleniumTestDemo -->
